# JRE version: Java(TM) SE Runtime Environment (8.0_121-b13) (build 1.8.0_121-b13)
# Java VM: Java HotSpot(TM) 64-Bit Server VM (25.121-b13 mixed mode windows-amd64 compressed oops)
Heap:
 PSYoungGen      total 320512K, used 84320K [0x00000000d5e00000, 0x00000000ec980000, 0x0000000100000000)
  eden space 303104K, 22% used [0x00000000d5e00000,0x00000000d9f592d8,0x00000000e8600000)
  from space 17408K, 99% used [0x00000000eb880000,0x00000000ec97ef30,0x00000000ec980000)
  to   space 20480K, 0% used [0x00000000ea180000,0x00000000ea180000,0x00000000eb580000)
 ParOldGen       total 47616K, used 23021K [0x0000000081a00000, 0x0000000084880000, 0x00000000d5e00000)
  object space 47616K, 48% used [0x0000000081a00000,0x000000008307b728,0x0000000084880000)
 Metaspace       used 47847K, capacity 48422K, committed 48896K, reserved 1091584K
  class space    used 6189K, capacity 6343K, committed 6400K, reserved 1048576K
GC Heap History (10 events):
Event: 6.678 GC heap before
{Heap before GC invocations=8 (full 1):
 PSYoungGen      total 125952K, used 125896K [0x00000000d5e00000, 0x00000000deb00000, 0x0000000100000000)
  eden space 123392K, 100% used [0x00000000d5e00000,0x00000000dd680000,0x00000000dd680000)
  from space 2560K, 97% used [0x00000000de880000,0x00000000deaf21d8,0x00000000deb00000)
  to   space 9216K, 0% used [0x00000000dd900000,0x00000000dd900000,0x00000000de200000)
 ParOldGen       total 47616K, used 6087K [0x0000000081a00000, 0x0000000084880000, 0x00000000d5e00000)
  object space 47616K, 12% used [0x0000000081a00000,0x0000000081ff1fe8,0x0000000084880000)
 Metaspace       used 28808K, capacity 29324K, committed 29696K, reserved 1075200K
  class space    used 3605K, capacity 3729K, committed 3840K, reserved 1048576K
Event: 6.689 GC heap after
Heap after GC invocations=8 (full 1):
 PSYoungGen      total 135168K, used 9211K [0x00000000d5e00000, 0x00000000e5280000, 0x0000000100000000)
  eden space 125952K, 0% used [0x00000000d5e00000,0x00000000d5e00000,0x00000000dd900000)
  from space 9216K, 99% used [0x00000000dd900000,0x00000000de1fec78,0x00000000de200000)
  to   space 12288K, 0% used [0x00000000e4680000,0x00000000e4680000,0x00000000e5280000)
 ParOldGen       total 47616K, used 9798K [0x0000000081a00000, 0x0000000084880000, 0x00000000d5e00000)
  object space 47616K, 20% used [0x0000000081a00000,0x0000000082391888,0x0000000084880000)
 Metaspace       used 28808K, capacity 29324K, committed 29696K, reserved 1075200K
  class space    used 3605K, capacity 3729K, committed 3840K, reserved 1048576K
}
Event: 7.213 GC heap before
{Heap before GC invocations=9 (full 1):
 PSYoungGen      total 135168K, used 135163K [0x00000000d5e00000, 0x00000000e5280000, 0x0000000100000000)
  eden space 125952K, 100% used [0x00000000d5e00000,0x00000000dd900000,0x00000000dd900000)
  from space 9216K, 99% used [0x00000000dd900000,0x00000000de1fec78,0x00000000de200000)
  to   space 12288K, 0% used [0x00000000e4680000,0x00000000e4680000,0x00000000e5280000)
 ParOldGen       total 47616K, used 9798K [0x0000000081a00000, 0x0000000084880000, 0x00000000d5e00000)
  object space 47616K, 20% used [0x0000000081a00000,0x0000000082391888,0x0000000084880000)
 Metaspace       used 31750K, capacity 32248K, committed 32512K, reserved 1077248K
  class space    used 3964K, capacity 4083K, committed 4096K, reserved 1048576K
Event: 7.224 GC heap after
Heap after GC invocations=9 (full 1):
 PSYoungGen      total 235008K, used 12275K [0x00000000d5e00000, 0x00000000e5c00000, 0x0000000100000000)
  eden space 222720K, 0% used [0x00000000d5e00000,0x00000000d5e00000,0x00000000e3780000)
  from space 12288K, 99% used [0x00000000e4680000,0x00000000e527cc70,0x00000000e5280000)
  to   space 15360K, 0% used [0x00000000e3780000,0x00000000e3780000,0x00000000e4680000)
 ParOldGen       total 47616K, used 12256K [0x0000000081a00000, 0x0000000084880000, 0x00000000d5e00000)
  object space 47616K, 25% used [0x0000000081a00000,0x00000000825f8378,0x0000000084880000)
 Metaspace       used 31750K, capacity 32248K, committed 32512K, reserved 1077248K
  class space    used 3964K, capacity 4083K, committed 4096K, reserved 1048576K
}
Event: 7.456 GC heap before
{Heap before GC invocations=10 (full 1):
 PSYoungGen      total 235008K, used 58606K [0x00000000d5e00000, 0x00000000e5c00000, 0x0000000100000000)
  eden space 222720K, 20% used [0x00000000d5e00000,0x00000000d8b3ef00,0x00000000e3780000)
  from space 12288K, 99% used [0x00000000e4680000,0x00000000e527cc70,0x00000000e5280000)
  to   space 15360K, 0% used [0x00000000e3780000,0x00000000e3780000,0x00000000e4680000)
 ParOldGen       total 47616K, used 12256K [0x0000000081a00000, 0x0000000084880000, 0x00000000d5e00000)
  object space 47616K, 25% used [0x0000000081a00000,0x00000000825f8378,0x0000000084880000)
 Metaspace       used 34802K, capacity 35294K, committed 35496K, reserved 1081344K
  class space    used 4450K, capacity 4564K, committed 4608K, reserved 1048576K
Event: 7.469 GC heap after
Heap after GC invocations=10 (full 1):
 PSYoungGen      total 238080K, used 14306K [0x00000000d5e00000, 0x00000000ec980000, 0x0000000100000000)
  eden space 222720K, 0% used [0x00000000d5e00000,0x00000000d5e00000,0x00000000e3780000)
  from space 15360K, 93% used [0x00000000e3780000,0x00000000e4578978,0x00000000e4680000)
  to   space 17408K, 0% used [0x00000000eb880000,0x00000000eb880000,0x00000000ec980000)
 ParOldGen       total 47616K, used 13428K [0x0000000081a00000, 0x0000000084880000, 0x00000000d5e00000)
  object space 47616K, 28% used [0x0000000081a00000,0x000000008271d0b0,0x0000000084880000)
 Metaspace       used 34802K, capacity 35294K, committed 35496K, reserved 1081344K
  class space    used 4450K, capacity 4564K, committed 4608K, reserved 1048576K
}
Event: 7.469 GC heap before
{Heap before GC invocations=11 (full 2):
 PSYoungGen      total 238080K, used 14306K [0x00000000d5e00000, 0x00000000ec980000, 0x0000000100000000)
  eden space 222720K, 0% used [0x00000000d5e00000,0x00000000d5e00000,0x00000000e3780000)
  from space 15360K, 93% used [0x00000000e3780000,0x00000000e4578978,0x00000000e4680000)
  to   space 17408K, 0% used [0x00000000eb880000,0x00000000eb880000,0x00000000ec980000)
 ParOldGen       total 47616K, used 13428K [0x0000000081a00000, 0x0000000084880000, 0x00000000d5e00000)
  object space 47616K, 28% used [0x0000000081a00000,0x000000008271d0b0,0x0000000084880000)
 Metaspace       used 34802K, capacity 35294K, committed 35496K, reserved 1081344K
  class space    used 4450K, capacity 4564K, committed 4608K, reserved 1048576K
Event: 7.527 GC heap after
Heap after GC invocations=11 (full 2):
 PSYoungGen      total 238080K, used 0K [0x00000000d5e00000, 0x00000000ec980000, 0x0000000100000000)
  eden space 222720K, 0% used [0x00000000d5e00000,0x00000000d5e00000,0x00000000e3780000)
  from space 15360K, 0% used [0x00000000e3780000,0x00000000e3780000,0x00000000e4680000)
  to   space 17408K, 0% used [0x00000000eb880000,0x00000000eb880000,0x00000000ec980000)
 ParOldGen       total 47616K, used 21197K [0x0000000081a00000, 0x0000000084880000, 0x00000000d5e00000)
  object space 47616K, 44% used [0x0000000081a00000,0x0000000082eb35c8,0x0000000084880000)
 Metaspace       used 34802K, capacity 35294K, committed 35496K, reserved 1081344K
  class space    used 4450K, capacity 4564K, committed 4608K, reserved 1048576K
}
Event: 9.120 GC heap before
{Heap before GC invocations=12 (full 2):
 PSYoungGen      total 238080K, used 222720K [0x00000000d5e00000, 0x00000000ec980000, 0x0000000100000000)
  eden space 222720K, 100% used [0x00000000d5e00000,0x00000000e3780000,0x00000000e3780000)
  from space 15360K, 0% used [0x00000000e3780000,0x00000000e3780000,0x00000000e4680000)
  to   space 17408K, 0% used [0x00000000eb880000,0x00000000eb880000,0x00000000ec980000)
 ParOldGen       total 47616K, used 21197K [0x0000000081a00000, 0x0000000084880000, 0x00000000d5e00000)
  object space 47616K, 44% used [0x0000000081a00000,0x0000000082eb35c8,0x0000000084880000)
 Metaspace       used 47003K, capacity 47590K, committed 48000K, reserved 1091584K
  class space    used 6077K, capacity 6240K, committed 6272K, reserved 1048576K
Event: 9.136 GC heap after
Heap after GC invocations=12 (full 2):
 PSYoungGen      total 320512K, used 17403K [0x00000000d5e00000, 0x00000000ec980000, 0x0000000100000000)
  eden space 303104K, 0% used [0x00000000d5e00000,0x00000000d5e00000,0x00000000e8600000)
  from space 17408K, 99% used [0x00000000eb880000,0x00000000ec97ef30,0x00000000ec980000)
  to   space 20480K, 0% used [0x00000000ea180000,0x00000000ea180000,0x00000000eb580000)
 ParOldGen       total 47616K, used 23021K [0x0000000081a00000, 0x0000000084880000, 0x00000000d5e00000)
  object space 47616K, 48% used [0x0000000081a00000,0x000000008307b728,0x0000000084880000)
 Metaspace       used 47003K, capacity 47590K, committed 48000K, reserved 1091584K
  class space    used 6077K, capacity 6240K, committed 6272K, reserved 1048576K
}

