# JRE version: Java(TM) SE Runtime Environment (8.0_121-b13) (build 1.8.0_121-b13)
# Java VM: Java HotSpot(TM) 64-Bit Server VM (25.121-b13 mixed mode windows-amd64 compressed oops)
Heap:
 PSYoungGen      total 204800K, used 84807K [0x00000000d5e00000, 0x00000000e8680000, 0x0000000100000000)
  eden space 190464K, 44% used [0x00000000d5e00000,0x00000000db0d1da0,0x00000000e1800000)
  from space 14336K, 0% used [0x00000000e1800000,0x00000000e1800000,0x00000000e2600000)
  to   space 16384K, 0% used [0x00000000e7680000,0x00000000e7680000,0x00000000e8680000)
 ParOldGen       total 80896K, used 21114K [0x0000000081a00000, 0x0000000086900000, 0x00000000d5e00000)
  object space 80896K, 26% used [0x0000000081a00000,0x0000000082e9eab8,0x0000000086900000)
 Metaspace       used 43179K, capacity 43696K, committed 43904K, reserved 1087488K
  class space    used 5573K, capacity 5719K, committed 5760K, reserved 1048576K
GC Heap History (10 events):
Event: 1.590 GC heap before
{Heap before GC invocations=7 (full 1):
 PSYoungGen      total 71680K, used 66560K [0x00000000d5e00000, 0x00000000df100000, 0x0000000100000000)
  eden space 66560K, 100% used [0x00000000d5e00000,0x00000000d9f00000,0x00000000d9f00000)
  from space 5120K, 0% used [0x00000000d9f00000,0x00000000d9f00000,0x00000000da400000)
  to   space 8704K, 0% used [0x00000000de880000,0x00000000de880000,0x00000000df100000)
 ParOldGen       total 50176K, used 5714K [0x0000000081a00000, 0x0000000084b00000, 0x00000000d5e00000)
  object space 50176K, 11% used [0x0000000081a00000,0x0000000081f94b98,0x0000000084b00000)
 Metaspace       used 22149K, capacity 22506K, committed 22704K, reserved 1069056K
  class space    used 2687K, capacity 2804K, committed 2816K, reserved 1048576K
Event: 1.593 GC heap after
Heap after GC invocations=7 (full 1):
 PSYoungGen      total 118272K, used 2792K [0x00000000d5e00000, 0x00000000deb80000, 0x0000000100000000)
  eden space 115200K, 0% used [0x00000000d5e00000,0x00000000d5e00000,0x00000000dce80000)
  from space 3072K, 90% used [0x00000000de880000,0x00000000deb3a1d8,0x00000000deb80000)
  to   space 9216K, 0% used [0x00000000dd980000,0x00000000dd980000,0x00000000de280000)
 ParOldGen       total 50176K, used 5722K [0x0000000081a00000, 0x0000000084b00000, 0x00000000d5e00000)
  object space 50176K, 11% used [0x0000000081a00000,0x0000000081f96b98,0x0000000084b00000)
 Metaspace       used 22149K, capacity 22506K, committed 22704K, reserved 1069056K
  class space    used 2687K, capacity 2804K, committed 2816K, reserved 1048576K
}
Event: 2.653 GC heap before
{Heap before GC invocations=8 (full 1):
 PSYoungGen      total 118272K, used 117992K [0x00000000d5e00000, 0x00000000deb80000, 0x0000000100000000)
  eden space 115200K, 100% used [0x00000000d5e00000,0x00000000dce80000,0x00000000dce80000)
  from space 3072K, 90% used [0x00000000de880000,0x00000000deb3a1d8,0x00000000deb80000)
  to   space 9216K, 0% used [0x00000000dd980000,0x00000000dd980000,0x00000000de280000)
 ParOldGen       total 50176K, used 5722K [0x0000000081a00000, 0x0000000084b00000, 0x00000000d5e00000)
  object space 50176K, 11% used [0x0000000081a00000,0x0000000081f96b98,0x0000000084b00000)
 Metaspace       used 27672K, capacity 28172K, committed 28416K, reserved 1075200K
  class space    used 3446K, capacity 3537K, committed 3584K, reserved 1048576K
Event: 2.663 GC heap after
Heap after GC invocations=8 (full 1):
 PSYoungGen      total 135680K, used 9186K [0x00000000d5e00000, 0x00000000e3100000, 0x0000000100000000)
  eden space 126464K, 0% used [0x00000000d5e00000,0x00000000d5e00000,0x00000000dd980000)
  from space 9216K, 99% used [0x00000000dd980000,0x00000000de278bb0,0x00000000de280000)
  to   space 11264K, 0% used [0x00000000e2600000,0x00000000e2600000,0x00000000e3100000)
 ParOldGen       total 50176K, used 6556K [0x0000000081a00000, 0x0000000084b00000, 0x00000000d5e00000)
  object space 50176K, 13% used [0x0000000081a00000,0x00000000820672c8,0x0000000084b00000)
 Metaspace       used 27672K, capacity 28172K, committed 28416K, reserved 1075200K
  class space    used 3446K, capacity 3537K, committed 3584K, reserved 1048576K
}
Event: 3.289 GC heap before
{Heap before GC invocations=9 (full 1):
 PSYoungGen      total 135680K, used 135650K [0x00000000d5e00000, 0x00000000e3100000, 0x0000000100000000)
  eden space 126464K, 100% used [0x00000000d5e00000,0x00000000dd980000,0x00000000dd980000)
  from space 9216K, 99% used [0x00000000dd980000,0x00000000de278bb0,0x00000000de280000)
  to   space 11264K, 0% used [0x00000000e2600000,0x00000000e2600000,0x00000000e3100000)
 ParOldGen       total 50176K, used 6556K [0x0000000081a00000, 0x0000000084b00000, 0x00000000d5e00000)
  object space 50176K, 13% used [0x0000000081a00000,0x00000000820672c8,0x0000000084b00000)
 Metaspace       used 31688K, capacity 32248K, committed 32512K, reserved 1077248K
  class space    used 3952K, capacity 4083K, committed 4096K, reserved 1048576K
Event: 3.308 GC heap after
Heap after GC invocations=9 (full 1):
 PSYoungGen      total 201728K, used 11254K [0x00000000d5e00000, 0x00000000e4800000, 0x0000000100000000)
  eden space 190464K, 0% used [0x00000000d5e00000,0x00000000d5e00000,0x00000000e1800000)
  from space 11264K, 99% used [0x00000000e2600000,0x00000000e30fdb80,0x00000000e3100000)
  to   space 14336K, 0% used [0x00000000e1800000,0x00000000e1800000,0x00000000e2600000)
 ParOldGen       total 50176K, used 10347K [0x0000000081a00000, 0x0000000084b00000, 0x00000000d5e00000)
  object space 50176K, 20% used [0x0000000081a00000,0x000000008241ad58,0x0000000084b00000)
 Metaspace       used 31688K, capacity 32248K, committed 32512K, reserved 1077248K
  class space    used 3952K, capacity 4083K, committed 4096K, reserved 1048576K
}
Event: 3.580 GC heap before
{Heap before GC invocations=10 (full 1):
 PSYoungGen      total 201728K, used 68476K [0x00000000d5e00000, 0x00000000e4800000, 0x0000000100000000)
  eden space 190464K, 30% used [0x00000000d5e00000,0x00000000d95e17f0,0x00000000e1800000)
  from space 11264K, 99% used [0x00000000e2600000,0x00000000e30fdb80,0x00000000e3100000)
  to   space 14336K, 0% used [0x00000000e1800000,0x00000000e1800000,0x00000000e2600000)
 ParOldGen       total 50176K, used 10347K [0x0000000081a00000, 0x0000000084b00000, 0x00000000d5e00000)
  object space 50176K, 20% used [0x0000000081a00000,0x000000008241ad58,0x0000000084b00000)
 Metaspace       used 34857K, capacity 35326K, committed 35496K, reserved 1081344K
  class space    used 4464K, capacity 4596K, committed 4608K, reserved 1048576K
Event: 3.597 GC heap after
Heap after GC invocations=10 (full 1):
 PSYoungGen      total 204800K, used 13613K [0x00000000d5e00000, 0x00000000e8680000, 0x0000000100000000)
  eden space 190464K, 0% used [0x00000000d5e00000,0x00000000d5e00000,0x00000000e1800000)
  from space 14336K, 94% used [0x00000000e1800000,0x00000000e254b738,0x00000000e2600000)
  to   space 16384K, 0% used [0x00000000e7680000,0x00000000e7680000,0x00000000e8680000)
 ParOldGen       total 50176K, used 11694K [0x0000000081a00000, 0x0000000084b00000, 0x00000000d5e00000)
  object space 50176K, 23% used [0x0000000081a00000,0x000000008256ba90,0x0000000084b00000)
 Metaspace       used 34857K, capacity 35326K, committed 35496K, reserved 1081344K
  class space    used 4464K, capacity 4596K, committed 4608K, reserved 1048576K
}
Event: 3.597 GC heap before
{Heap before GC invocations=11 (full 2):
 PSYoungGen      total 204800K, used 13613K [0x00000000d5e00000, 0x00000000e8680000, 0x0000000100000000)
  eden space 190464K, 0% used [0x00000000d5e00000,0x00000000d5e00000,0x00000000e1800000)
  from space 14336K, 94% used [0x00000000e1800000,0x00000000e254b738,0x00000000e2600000)
  to   space 16384K, 0% used [0x00000000e7680000,0x00000000e7680000,0x00000000e8680000)
 ParOldGen       total 50176K, used 11694K [0x0000000081a00000, 0x0000000084b00000, 0x00000000d5e00000)
  object space 50176K, 23% used [0x0000000081a00000,0x000000008256ba90,0x0000000084b00000)
 Metaspace       used 34857K, capacity 35326K, committed 35496K, reserved 1081344K
  class space    used 4464K, capacity 4596K, committed 4608K, reserved 1048576K
Event: 3.663 GC heap after
Heap after GC invocations=11 (full 2):
 PSYoungGen      total 204800K, used 0K [0x00000000d5e00000, 0x00000000e8680000, 0x0000000100000000)
  eden space 190464K, 0% used [0x00000000d5e00000,0x00000000d5e00000,0x00000000e1800000)
  from space 14336K, 0% used [0x00000000e1800000,0x00000000e1800000,0x00000000e2600000)
  to   space 16384K, 0% used [0x00000000e7680000,0x00000000e7680000,0x00000000e8680000)
 ParOldGen       total 80896K, used 21114K [0x0000000081a00000, 0x0000000086900000, 0x00000000d5e00000)
  object space 80896K, 26% used [0x0000000081a00000,0x0000000082e9eab8,0x0000000086900000)
 Metaspace       used 34857K, capacity 35326K, committed 35496K, reserved 1081344K
  class space    used 4464K, capacity 4596K, committed 4608K, reserved 1048576K
}

